<?xml version="1.0" encoding="utf-8"?><testsuites name="pytest tests"><testsuite name="pytest" errors="0" failures="0" skipped="0" tests="19" time="2.913" timestamp="2026-03-11T09:49:30.277844+00:00" hostname="agent-env-32e6f5f6-0bcd-4ffc-93b3-27270734a761"><testcase classname="tests.test_phase53_routing_market_data.TestMarketDataHealth" name="test_market_data_health" time="2.600" /><testcase classname="tests.test_phase53_routing_market_data.TestMarketDataFeed" name="test_start_market_data_feed" time="0.005" /><testcase classname="tests.test_phase53_routing_market_data.TestMarketDataFeed" name="test_get_market_data_status" time="0.004" /><testcase classname="tests.test_phase53_routing_market_data.TestMarketDataFeed" name="test_get_ticker_btcusdt" time="0.004" /><testcase classname="tests.test_phase53_routing_market_data.TestMarketDataFeed" name="test_get_orderbook_btcusdt" time="0.004" /><testcase classname="tests.test_phase53_routing_market_data.TestMarketDataFeed" name="test_get_snapshot_btcusdt" time="0.004" /><testcase classname="tests.test_phase53_routing_market_data.TestOrderbookNormalization" name="test_orderbook_handles_invalid_bids_asks" time="0.004" /><testcase classname="tests.test_phase53_routing_market_data.TestRoutingHealth" name="test_routing_health" time="0.004" /><testcase classname="tests.test_phase53_routing_market_data.TestRoutingEvaluation" name="test_evaluate_routing" time="0.012" /><testcase classname="tests.test_phase53_routing_market_data.TestRoutingEvaluation" name="test_create_execution_plan" time="0.005" /><testcase classname="tests.test_phase53_routing_market_data.TestRoutingVenueAnalysis" name="test_get_venues" time="0.004" /><testcase classname="tests.test_phase53_routing_market_data.TestRoutingVenueAnalysis" name="test_get_slippage_analysis" time="0.003" /><testcase classname="tests.test_phase53_routing_market_data.TestRoutingVenueAnalysis" name="test_get_best_venues" time="0.003" /><testcase classname="tests.test_phase53_routing_market_data.TestRoutingStats" name="test_get_routing_stats" time="0.005" /><testcase classname="tests.test_phase53_routing_market_data.TestRoutingStats" name="test_get_routing_policies" time="0.003" /><testcase classname="tests.test_phase53_routing_market_data.TestFailoverIntegration" name="test_failover_status" time="0.004" /><testcase classname="tests.test_phase53_routing_market_data.TestFailoverIntegration" name="test_routing_uses_failover_correctly" time="0.008" /><testcase classname="tests.test_phase53_routing_market_data.TestEdgeCases" name="test_routing_with_various_policies" time="0.019" /><testcase classname="tests.test_phase53_routing_market_data.TestEdgeCases" name="test_routing_with_various_urgencies" time="0.015" /></testsuite></testsuites>