<?xml version="1.0" encoding="utf-8"?><testsuites name="pytest tests"><testsuite name="pytest" errors="0" failures="0" skipped="0" tests="29" time="6.706" timestamp="2026-03-11T00:29:26.338145+00:00" hostname="agent-env-f465b611-7e62-4940-9c19-d98a506da6fa"><testcase classname="backend.tests.test_slippage_engine_phase43.TestSlippageHealth" name="test_health_endpoint_returns_200" time="2.360" /><testcase classname="backend.tests.test_slippage_engine_phase43.TestSlippageStats" name="test_stats_endpoint_returns_200" time="0.190" /><testcase classname="backend.tests.test_slippage_engine_phase43.TestSlippageStats" name="test_stats_with_symbol_filter" time="0.114" /><testcase classname="backend.tests.test_slippage_engine_phase43.TestSlippageStats" name="test_stats_with_exchange_filter" time="0.166" /><testcase classname="backend.tests.test_slippage_engine_phase43.TestSlippageAnalyze" name="test_analyze_with_mock_data_generation" time="0.128" /><testcase classname="backend.tests.test_slippage_engine_phase43.TestSlippageAnalyze" name="test_analyze_with_custom_prices" time="0.137" /><testcase classname="backend.tests.test_slippage_engine_phase43.TestSlippageAnalyze" name="test_analyze_with_fills" time="0.148" /><testcase classname="backend.tests.test_slippage_engine_phase43.TestSlippageAnalyze" name="test_analyze_favorable_slippage_buy" time="0.125" /><testcase classname="backend.tests.test_slippage_engine_phase43.TestSlippageAnalyze" name="test_analyze_favorable_slippage_sell" time="0.108" /><testcase classname="backend.tests.test_slippage_engine_phase43.TestSlippageEstimate" name="test_estimate_default_params" time="0.188" /><testcase classname="backend.tests.test_slippage_engine_phase43.TestSlippageEstimate" name="test_estimate_high_volatility" time="0.121" /><testcase classname="backend.tests.test_slippage_engine_phase43.TestSlippageEstimate" name="test_estimate_large_order" time="0.116" /><testcase classname="backend.tests.test_slippage_engine_phase43.TestSlippageBatch" name="test_batch_analysis_empty" time="0.134" /><testcase classname="backend.tests.test_slippage_engine_phase43.TestSlippageBatch" name="test_batch_analysis_multiple_orders" time="0.155" /><testcase classname="backend.tests.test_slippage_engine_phase43.TestSlippageBatch" name="test_batch_analysis_limit_20" time="0.169" /><testcase classname="backend.tests.test_slippage_engine_phase43.TestSlippageHistory" name="test_history_default" time="0.114" /><testcase classname="backend.tests.test_slippage_engine_phase43.TestSlippageHistory" name="test_history_with_symbol_filter" time="0.170" /><testcase classname="backend.tests.test_slippage_engine_phase43.TestSlippageHistory" name="test_history_with_exchange_filter" time="0.130" /><testcase classname="backend.tests.test_slippage_engine_phase43.TestSlippageHistory" name="test_history_with_limit" time="0.158" /><testcase classname="backend.tests.test_slippage_engine_phase43.TestSlippageHistory" name="test_history_with_min_grade_filter" time="0.116" /><testcase classname="backend.tests.test_slippage_engine_phase43.TestSlippageOrderLookup" name="test_order_lookup_not_found" time="0.138" /><testcase classname="backend.tests.test_slippage_engine_phase43.TestSlippageOrderLookup" name="test_order_lookup_after_analyze" time="0.222" /><testcase classname="backend.tests.test_slippage_engine_phase43.TestSlippageSymbolStats" name="test_symbol_stats_btcusdt" time="0.132" /><testcase classname="backend.tests.test_slippage_engine_phase43.TestSlippageSymbolStats" name="test_symbol_stats_with_limit" time="0.127" /><testcase classname="backend.tests.test_slippage_engine_phase43.TestSlippageExchangeStats" name="test_exchange_stats_binance" time="0.132" /><testcase classname="backend.tests.test_slippage_engine_phase43.TestSlippageExchangeStats" name="test_exchange_stats_with_limit" time="0.122" /><testcase classname="backend.tests.test_slippage_engine_phase43.TestSlippageExchangeComparison" name="test_exchange_comparison" time="0.128" /><testcase classname="backend.tests.test_slippage_engine_phase43.TestSlippageDataPersistence" name="test_analyze_then_retrieve_flow" time="0.261" /><testcase classname="backend.tests.test_slippage_engine_phase43.TestSlippageDataPersistence" name="test_symbol_history_after_analyze" time="0.273" /></testsuite></testsuites>