<?xml version="1.0" encoding="utf-8"?><testsuites name="pytest tests"><testsuite name="pytest" errors="0" failures="0" skipped="0" tests="36" time="9.505" timestamp="2026-03-11T00:40:46.368173+00:00" hostname="agent-env-f465b611-7e62-4940-9c19-d98a506da6fa"><testcase classname="backend.tests.test_failover_engine_phase44.TestFailoverHealth" name="test_health_endpoint_returns_200" time="3.442" /><testcase classname="backend.tests.test_failover_engine_phase44.TestFailoverHealth" name="test_health_contains_all_components" time="0.117" /><testcase classname="backend.tests.test_failover_engine_phase44.TestFailoverStatus" name="test_status_endpoint_returns_200" time="0.125" /><testcase classname="backend.tests.test_failover_engine_phase44.TestFailoverStatus" name="test_status_contains_exchange_health" time="0.164" /><testcase classname="backend.tests.test_failover_engine_phase44.TestFailoverStatus" name="test_status_contains_execution_flags" time="0.126" /><testcase classname="backend.tests.test_failover_engine_phase44.TestExchangeStatus" name="test_binance_status" time="0.115" /><testcase classname="backend.tests.test_failover_engine_phase44.TestExchangeStatus" name="test_bybit_status" time="0.114" /><testcase classname="backend.tests.test_failover_engine_phase44.TestExchangeStatus" name="test_okx_status" time="0.162" /><testcase classname="backend.tests.test_failover_engine_phase44.TestExchangeStatus" name="test_exchange_case_insensitive" time="0.126" /><testcase classname="backend.tests.test_failover_engine_phase44.TestLatencyMonitoring" name="test_latency_all_exchanges" time="0.116" /><testcase classname="backend.tests.test_failover_engine_phase44.TestLatencyMonitoring" name="test_latency_specific_exchange" time="0.119" /><testcase classname="backend.tests.test_failover_engine_phase44.TestRateLimitMonitoring" name="test_rate_limit_all_exchanges" time="0.123" /><testcase classname="backend.tests.test_failover_engine_phase44.TestRateLimitMonitoring" name="test_rate_limit_specific_exchange" time="0.124" /><testcase classname="backend.tests.test_failover_engine_phase44.TestConnectionStatus" name="test_connection_all_exchanges" time="0.129" /><testcase classname="backend.tests.test_failover_engine_phase44.TestConnectionStatus" name="test_connection_specific_exchange" time="0.133" /><testcase classname="backend.tests.test_failover_engine_phase44.TestEventTracking" name="test_get_events" time="0.118" /><testcase classname="backend.tests.test_failover_engine_phase44.TestEventTracking" name="test_get_events_with_limit" time="0.125" /><testcase classname="backend.tests.test_failover_engine_phase44.TestEventTracking" name="test_get_history" time="0.118" /><testcase classname="backend.tests.test_failover_engine_phase44.TestEventTracking" name="test_get_history_with_filters" time="0.126" /><testcase classname="backend.tests.test_failover_engine_phase44.TestStatistics" name="test_get_stats" time="0.145" /><testcase classname="backend.tests.test_failover_engine_phase44.TestStatistics" name="test_get_stats_custom_period" time="0.146" /><testcase classname="backend.tests.test_failover_engine_phase44.TestStatistics" name="test_exchange_comparison" time="0.118" /><testcase classname="backend.tests.test_failover_engine_phase44.TestConfiguration" name="test_get_config" time="0.119" /><testcase classname="backend.tests.test_failover_engine_phase44.TestRecordRequest" name="test_record_single_request" time="0.160" /><testcase classname="backend.tests.test_failover_engine_phase44.TestRecordRequest" name="test_record_failed_request" time="0.136" /><testcase classname="backend.tests.test_failover_engine_phase44.TestRecordRequest" name="test_record_high_latency" time="0.112" /><testcase classname="backend.tests.test_failover_engine_phase44.TestBatchRecord" name="test_batch_record_requests" time="0.109" /><testcase classname="backend.tests.test_failover_engine_phase44.TestBatchRecord" name="test_batch_record_limit" time="0.126" /><testcase classname="backend.tests.test_failover_engine_phase44.TestStatusTransitions" name="test_emergency_trigger" time="0.135" /><testcase classname="backend.tests.test_failover_engine_phase44.TestStatusTransitions" name="test_reset_to_normal" time="0.120" /><testcase classname="backend.tests.test_failover_engine_phase44.TestStatusTransitions" name="test_emergency_then_reset_flow" time="0.390" /><testcase classname="backend.tests.test_failover_engine_phase44.TestDataValidation" name="test_record_with_default_values" time="0.122" /><testcase classname="backend.tests.test_failover_engine_phase44.TestDataValidation" name="test_events_severity_filter" time="0.117" /><testcase classname="backend.tests.test_failover_engine_phase44.TestDataValidation" name="test_history_event_type_filter" time="0.137" /><testcase classname="backend.tests.test_failover_engine_phase44.TestIntegrationWorkflow" name="test_record_then_verify_latency_stats" time="0.526" /><testcase classname="backend.tests.test_failover_engine_phase44.TestIntegrationWorkflow" name="test_full_monitoring_cycle" time="0.730" /></testsuite></testsuites>