<?xml version="1.0" encoding="utf-8"?><testsuites name="pytest tests"><testsuite name="pytest" errors="0" failures="0" skipped="0" tests="25" time="3.935" timestamp="2026-03-11T10:02:57.855194+00:00" hostname="agent-env-32e6f5f6-0bcd-4ffc-93b3-27270734a761"><testcase classname="tests.test_phase54_portfolio_accounts.TestPortfolioAccountsHealth" name="test_health_endpoint_returns_healthy" time="3.425" /><testcase classname="tests.test_phase54_portfolio_accounts.TestPortfolioAccountsHealth" name="test_status_endpoint" time="0.005" /><testcase classname="tests.test_phase54_portfolio_accounts.TestPortfolioState" name="test_get_portfolio_state" time="0.006" /><testcase classname="tests.test_phase54_portfolio_accounts.TestPortfolioState" name="test_refresh_portfolio" time="0.006" /><testcase classname="tests.test_phase54_portfolio_accounts.TestPortfolioAccounts" name="test_get_all_accounts" time="0.005" /><testcase classname="tests.test_phase54_portfolio_accounts.TestPortfolioAccounts" name="test_get_account_by_exchange" time="0.004" /><testcase classname="tests.test_phase54_portfolio_accounts.TestPortfolioBalances" name="test_get_all_balances" time="0.005" /><testcase classname="tests.test_phase54_portfolio_accounts.TestPortfolioBalances" name="test_get_balances_by_exchange" time="0.005" /><testcase classname="tests.test_phase54_portfolio_accounts.TestPortfolioBalances" name="test_get_balance_distribution" time="0.004" /><testcase classname="tests.test_phase54_portfolio_accounts.TestPortfolioPositions" name="test_get_all_positions" time="0.005" /><testcase classname="tests.test_phase54_portfolio_accounts.TestPortfolioPositions" name="test_get_positions_by_exchange" time="0.005" /><testcase classname="tests.test_phase54_portfolio_accounts.TestPortfolioPositions" name="test_get_long_short_split" time="0.004" /><testcase classname="tests.test_phase54_portfolio_accounts.TestMarginEngine" name="test_get_portfolio_margin" time="0.005" /><testcase classname="tests.test_phase54_portfolio_accounts.TestMarginEngine" name="test_get_margin_by_exchange" time="0.005" /><testcase classname="tests.test_phase54_portfolio_accounts.TestExchangeDetails" name="test_get_exchange_details_binance" time="0.005" /><testcase classname="tests.test_phase54_portfolio_accounts.TestExchangeDetails" name="test_get_exchange_details_bybit" time="0.005" /><testcase classname="tests.test_phase54_portfolio_accounts.TestExchangeDetails" name="test_get_exchange_details_okx" time="0.005" /><testcase classname="tests.test_phase54_portfolio_accounts.TestExchangeDetails" name="test_get_exchange_details_invalid_returns_simulated" time="0.005" /><testcase classname="tests.test_phase54_portfolio_accounts.TestExposure" name="test_get_all_exposure" time="0.005" /><testcase classname="tests.test_phase54_portfolio_accounts.TestExposure" name="test_get_exposure_by_symbol" time="0.005" /><testcase classname="tests.test_phase54_portfolio_accounts.TestHistory" name="test_get_portfolio_history" time="0.006" /><testcase classname="tests.test_phase54_portfolio_accounts.TestHistory" name="test_get_history_with_limit" time="0.006" /><testcase classname="tests.test_phase54_portfolio_accounts.TestAnalytics" name="test_get_analytics" time="0.005" /><testcase classname="tests.test_phase54_portfolio_accounts.TestIntegration" name="test_full_refresh_and_state_flow" time="0.019" /><testcase classname="tests.test_phase54_portfolio_accounts.TestIntegration" name="test_unified_portfolio_view" time="0.009" /></testsuite></testsuites>